<?xml version="1.0" encoding="UTF-8"?>
<robot generator="Robot 7.0 (Python 3.11.8 on darwin)" generated="2024-05-13T20:27:07.697527" rpa="false" schemaversion="5">
<suite id="s1" name="Selecionar Produto" source="/Users/dierokreator/Programming/Interasys/RobotSauceDemo140/tests/web/selecionar_produto.robot">
<test id="s1-t1" name="Selecionar Sauce Labs Backback" line="12">
<kw name="Dado que acesso o site SauceDemo">
<kw name="Open Browser" owner="SeleniumLibrary">
<msg time="2024-05-13T20:27:07.831096" level="INFO">Opening browser 'Chrome' to base url 'https://www.saucedemo.com/'.</msg>
<arg>url=${url}</arg>
<arg>browser=${browser}</arg>
<doc>Opens a new browser instance to the optional ``url``.</doc>
<status status="PASS" start="2024-05-13T20:27:07.830816" elapsed="2.297628"/>
</kw>
<kw name="Maximize Browser Window" owner="SeleniumLibrary">
<doc>Maximizes current browser window.</doc>
<status status="PASS" start="2024-05-13T20:27:10.129868" elapsed="0.391329"/>
</kw>
<kw name="Set Browser Implicit Wait" owner="SeleniumLibrary">
<arg>10000ms</arg>
<doc>Sets the implicit wait value used by Selenium.</doc>
<status status="PASS" start="2024-05-13T20:27:10.521588" elapsed="0.001652"/>
</kw>
<kw name="Wait Until Element Is Visible" owner="SeleniumLibrary">
<arg>css=.login_logo</arg>
<arg>5000ms</arg>
<doc>Waits until the element ``locator`` is visible.</doc>
<status status="PASS" start="2024-05-13T20:27:10.523470" elapsed="0.024789"/>
</kw>
<status status="PASS" start="2024-05-13T20:27:07.830125" elapsed="2.718363"/>
</kw>
<kw name="Quando preencho o campo usuario">
<kw name="Input Text" owner="SeleniumLibrary">
<msg time="2024-05-13T20:27:10.549885" level="INFO">Typing text 'standard_user' into text field 'css=[data-test="username"]'.</msg>
<arg>css=[data-test="username"]</arg>
<arg>${username}</arg>
<doc>Types the given ``text`` into the text field identified by ``locator``.</doc>
<status status="PASS" start="2024-05-13T20:27:10.549613" elapsed="0.261235"/>
</kw>
<arg>standard_user</arg>
<status status="PASS" start="2024-05-13T20:27:10.548992" elapsed="0.262120"/>
</kw>
<kw name="E preencho o campo senha">
<kw name="Input Text" owner="SeleniumLibrary">
<msg time="2024-05-13T20:27:10.812880" level="INFO">Typing text 'secret_sauce' into text field 'css=[data-test="password"]'.</msg>
<arg>css=[data-test="password"]</arg>
<arg>${password}</arg>
<doc>Types the given ``text`` into the text field identified by ``locator``.</doc>
<status status="PASS" start="2024-05-13T20:27:10.812412" elapsed="0.138252"/>
</kw>
<arg>secret_sauce</arg>
<status status="PASS" start="2024-05-13T20:27:10.811663" elapsed="0.139137"/>
</kw>
<kw name="E clico no botao Login">
<kw name="Click Button" owner="SeleniumLibrary">
<msg time="2024-05-13T20:27:10.951928" level="INFO">Clicking button 'id=login-button'.</msg>
<arg>id=login-button</arg>
<doc>Clicks the button identified by ``locator``.</doc>
<status status="PASS" start="2024-05-13T20:27:10.951542" elapsed="0.152245"/>
</kw>
<status status="PASS" start="2024-05-13T20:27:10.951055" elapsed="0.152932"/>
</kw>
<kw name="Entao sou direcionado para a pagina de produtos">
<kw name="Element Text Should Be" owner="SeleniumLibrary">
<msg time="2024-05-13T20:27:11.105912" level="INFO">Verifying element 'css=.title' contains exact text 'Products'.</msg>
<arg>css=.title</arg>
<arg>Products</arg>
<doc>Verifies that element ``locator`` contains exact the text ``expected``.</doc>
<status status="PASS" start="2024-05-13T20:27:11.105498" elapsed="0.039473"/>
</kw>
<status status="PASS" start="2024-05-13T20:27:11.104828" elapsed="0.040945"/>
</kw>
<kw name="Quando clico no produto">
<kw name="Set Test Variable" owner="BuiltIn">
<msg time="2024-05-13T20:27:11.148704" level="INFO">${test_product_name} = Sauce Labs Backpack</msg>
<arg>${test_product_name}</arg>
<arg>${product_name}</arg>
<doc>Makes a variable available everywhere within the scope of the current test.</doc>
<status status="PASS" start="2024-05-13T20:27:11.146967" elapsed="0.001858"/>
</kw>
<kw name="Set Test Variable" owner="BuiltIn">
<msg time="2024-05-13T20:27:11.150824" level="INFO">${test_product_price} = $29.99</msg>
<arg>${test_product_price}</arg>
<arg>${product_price}</arg>
<doc>Makes a variable available everywhere within the scope of the current test.</doc>
<status status="PASS" start="2024-05-13T20:27:11.149058" elapsed="0.001886"/>
</kw>
<kw name="Click Element" owner="SeleniumLibrary">
<msg time="2024-05-13T20:27:11.151890" level="INFO">Clicking element 'css=img[alt="Sauce Labs Backpack"]'.</msg>
<arg>css=img[alt="${test_product_name}"]</arg>
<doc>Click the element identified by ``locator``.</doc>
<status status="PASS" start="2024-05-13T20:27:11.151291" elapsed="0.082621"/>
</kw>
<arg>Sauce Labs Backpack</arg>
<arg>$29.99</arg>
<status status="PASS" start="2024-05-13T20:27:11.146291" elapsed="0.087792"/>
</kw>
<kw name="Entao sou direcionado para a pagina do produto">
<kw name="Element Text Should Be" owner="SeleniumLibrary">
<msg time="2024-05-13T20:27:11.235807" level="INFO">Verifying element 'name=back-to-products' contains exact text 'Back to products'.</msg>
<arg>name=back-to-products</arg>
<arg>Back to products</arg>
<doc>Verifies that element ``locator`` contains exact the text ``expected``.</doc>
<status status="PASS" start="2024-05-13T20:27:11.235411" elapsed="0.044240"/>
</kw>
<kw name="Element Text Should Be" owner="SeleniumLibrary">
<msg time="2024-05-13T20:27:11.280277" level="INFO">Verifying element 'css=.inventory_details_name.large_size' contains exact text 'Sauce Labs Backpack'.</msg>
<arg>css=.inventory_details_name.large_size</arg>
<arg>${test_product_name}</arg>
<doc>Verifies that element ``locator`` contains exact the text ``expected``.</doc>
<status status="PASS" start="2024-05-13T20:27:11.279914" elapsed="0.019007"/>
</kw>
<kw name="Element Text Should Be" owner="SeleniumLibrary">
<msg time="2024-05-13T20:27:11.299635" level="INFO">Verifying element 'css=.inventory_details_price' contains exact text '$29.99'.</msg>
<arg>css=.inventory_details_price</arg>
<arg>${test_product_price}</arg>
<doc>Verifies that element ``locator`` contains exact the text ``expected``.</doc>
<status status="PASS" start="2024-05-13T20:27:11.299366" elapsed="0.027438"/>
</kw>
<status status="PASS" start="2024-05-13T20:27:11.234629" elapsed="0.092355"/>
</kw>
<kw name="Quando clico em adicionar para o carrinho">
<kw name="Click Element" owner="SeleniumLibrary">
<msg time="2024-05-13T20:27:11.328555" level="INFO">Clicking element 'css=button.btn.btn_primary.btn_small.btn_inventory'.</msg>
<arg>css=button.btn.btn_primary.btn_small.btn_inventory</arg>
<doc>Click the element identified by ``locator``.</doc>
<status status="PASS" start="2024-05-13T20:27:11.328255" elapsed="0.059792"/>
</kw>
<status status="PASS" start="2024-05-13T20:27:11.327568" elapsed="0.060642"/>
</kw>
<kw name="Entao visualizo o numero de items no carrinho">
<kw name="Set Test Variable" owner="BuiltIn">
<msg time="2024-05-13T20:27:11.389694" level="INFO">${test_cart_items} = 1</msg>
<arg>${test_cart_items}</arg>
<arg>${cart_items}</arg>
<doc>Makes a variable available everywhere within the scope of the current test.</doc>
<status status="PASS" start="2024-05-13T20:27:11.388991" elapsed="0.000753"/>
</kw>
<kw name="Element Text Should Be" owner="SeleniumLibrary">
<msg time="2024-05-13T20:27:11.390143" level="INFO">Verifying element 'css=span.shopping_cart_badge' contains exact text '1'.</msg>
<arg>css=span.shopping_cart_badge</arg>
<arg>${test_cart_items}</arg>
<doc>Verifies that element ``locator`` contains exact the text ``expected``.</doc>
<status status="PASS" start="2024-05-13T20:27:11.389864" elapsed="0.020545"/>
</kw>
<arg>1</arg>
<status status="PASS" start="2024-05-13T20:27:11.388583" elapsed="0.022084"/>
</kw>
<kw name="Quando clico no icone do carrinho">
<kw name="Click Link" owner="SeleniumLibrary">
<msg time="2024-05-13T20:27:11.411774" level="INFO">Clicking link '1'.</msg>
<arg>${test_cart_items}</arg>
<doc>Clicks a link identified by ``locator``.</doc>
<status status="PASS" start="2024-05-13T20:27:11.411458" elapsed="0.077133"/>
</kw>
<status status="PASS" start="2024-05-13T20:27:11.411059" elapsed="0.077641"/>
</kw>
<kw name="Entao sou direcionado para a pagina do carrinho">
<kw name="Wait Until Element Contains" owner="SeleniumLibrary">
<arg>css=.title</arg>
<arg>Your Cart</arg>
<doc>Waits until the element ``locator`` contains ``text``.</doc>
<status status="PASS" start="2024-05-13T20:27:11.489519" elapsed="0.023992"/>
</kw>
<kw name="Element Text Should Be" owner="SeleniumLibrary">
<msg time="2024-05-13T20:27:11.514165" level="INFO">Verifying element 'css=div.inventory_item_name' contains exact text 'Sauce Labs Backpack'.</msg>
<arg>css=div.inventory_item_name</arg>
<arg>${test_product_name}</arg>
<doc>Verifies that element ``locator`` contains exact the text ``expected``.</doc>
<status status="PASS" start="2024-05-13T20:27:11.513799" elapsed="0.024588"/>
</kw>
<kw name="Element Text Should Be" owner="SeleniumLibrary">
<msg time="2024-05-13T20:27:11.538801" level="INFO">Verifying element 'css=div.inventory_item_price' contains exact text '$29.99'.</msg>
<arg>css=div.inventory_item_price</arg>
<arg>${test_product_price}</arg>
<doc>Verifies that element ``locator`` contains exact the text ``expected``.</doc>
<status status="PASS" start="2024-05-13T20:27:11.538561" elapsed="0.016775"/>
</kw>
<kw name="Element Text Should Be" owner="SeleniumLibrary">
<msg time="2024-05-13T20:27:11.555948" level="INFO">Verifying element 'css=div.cart_quantity' contains exact text '1'.</msg>
<arg>css=div.cart_quantity</arg>
<arg>${test_cart_items}</arg>
<doc>Verifies that element ``locator`` contains exact the text ``expected``.</doc>
<status status="PASS" start="2024-05-13T20:27:11.555578" elapsed="0.025295"/>
</kw>
<status status="PASS" start="2024-05-13T20:27:11.489179" elapsed="0.091861"/>
</kw>
<kw name="Quando clico no menu burguer">
<kw name="Click Element" owner="SeleniumLibrary">
<msg time="2024-05-13T20:27:11.582130" level="INFO">Clicking element 'id=react-burger-menu-btn'.</msg>
<arg>id=react-burger-menu-btn</arg>
<doc>Click the element identified by ``locator``.</doc>
<status status="PASS" start="2024-05-13T20:27:11.581814" elapsed="0.060281"/>
</kw>
<status status="PASS" start="2024-05-13T20:27:11.581372" elapsed="0.060834"/>
</kw>
<kw name="E clico em Logout">
<kw name="Click Element" owner="SeleniumLibrary">
<msg time="2024-05-13T20:27:11.643405" level="INFO">Clicking element 'link=Logout'.</msg>
<arg>link=Logout</arg>
<doc>Click the element identified by ``locator``.</doc>
<status status="PASS" start="2024-05-13T20:27:11.642928" elapsed="0.123007"/>
</kw>
<status status="PASS" start="2024-05-13T20:27:11.642425" elapsed="0.123688"/>
</kw>
<kw name="Entao sou direcionado para pagina de login">
<kw name="Wait Until Element Is Visible" owner="SeleniumLibrary">
<arg>css=input.submit-button.btn_action</arg>
<arg>5000ms</arg>
<doc>Waits until the element ``locator`` is visible.</doc>
<status status="PASS" start="2024-05-13T20:27:11.766934" elapsed="0.029794"/>
</kw>
<status status="PASS" start="2024-05-13T20:27:11.766434" elapsed="0.030421"/>
</kw>
<kw name="Close Browser" owner="SeleniumLibrary" type="TEARDOWN">
<doc>Closes the current browser.</doc>
<status status="PASS" start="2024-05-13T20:27:11.797168" elapsed="0.162244"/>
</kw>
<status status="PASS" start="2024-05-13T20:27:07.829658" elapsed="4.129989"/>
</test>
<status status="PASS" start="2024-05-13T20:27:07.699239" elapsed="4.261406"/>
</suite>
<statistics>
<total>
<stat pass="1" fail="0" skip="0">All Tests</stat>
</total>
<tag>
</tag>
<suite>
<stat pass="1" fail="0" skip="0" id="s1" name="Selecionar Produto">Selecionar Produto</stat>
</suite>
</statistics>
<errors>
</errors>
</robot>
